  main.cpp
D:\remote git\Pac-man_OpenGL\Pacman\Pacman\gameMap.h(18,29): warning C4244: 'argument': conversion from 'time_t' to 'unsigned int', possible loss of data
  (compiling source file 'main.cpp')
  
D:\remote git\Pac-man_OpenGL\Pacman\Pacman\pacman.h(41,36): warning C4244: 'argument': conversion from 'int' to 'float', possible loss of data
  (compiling source file 'main.cpp')
  
D:\remote git\Pac-man_OpenGL\Pacman\Pacman\pacman.h(41,29): warning C4244: 'argument': conversion from 'int' to 'float', possible loss of data
  (compiling source file 'main.cpp')
  
D:\remote git\Pac-man_OpenGL\Pacman\Pacman\pacman.h(60,42): warning C4244: 'argument': conversion from 'int' to 'float', possible loss of data
  (compiling source file 'main.cpp')
  
D:\remote git\Pac-man_OpenGL\Pacman\Pacman\pacman.h(60,29): warning C4244: 'argument': conversion from 'int' to 'float', possible loss of data
  (compiling source file 'main.cpp')
  
D:\remote git\Pac-man_OpenGL\Pacman\Pacman\ghost.h(43,28): warning C4244: '=': conversion from 'int' to 'float', possible loss of data
  (compiling source file 'main.cpp')
  
D:\remote git\Pac-man_OpenGL\Pacman\Pacman\ghost.h(44,28): warning C4244: '=': conversion from 'int' to 'float', possible loss of data
  (compiling source file 'main.cpp')
  
D:\remote git\Pac-man_OpenGL\Pacman\Pacman\ghost.h(69,28): warning C4244: 'initializing': conversion from 'double' to 'float', possible loss of data
  (compiling source file 'main.cpp')
  
D:\remote git\Pac-man_OpenGL\Pacman\Pacman\ghost.h(135,36): warning C4244: 'argument': conversion from 'int' to 'float', possible loss of data
  (compiling source file 'main.cpp')
  
D:\remote git\Pac-man_OpenGL\Pacman\Pacman\ghost.h(135,29): warning C4244: 'argument': conversion from 'int' to 'float', possible loss of data
  (compiling source file 'main.cpp')
  
D:\remote git\Pac-man_OpenGL\Pacman\Pacman\ghost.h(136,32): warning C4244: 'initializing': conversion from 'double' to 'float', possible loss of data
  (compiling source file 'main.cpp')
  
D:\remote git\Pac-man_OpenGL\Pacman\Pacman\ghost.h(146,27): warning C4244: 'initializing': conversion from '__int64' to 'int', possible loss of data
  (compiling source file 'main.cpp')
  
D:\remote git\Pac-man_OpenGL\Pacman\Pacman\ghost.h(152,71): warning C4244: 'argument': conversion from 'int' to 'float', possible loss of data
  (compiling source file 'main.cpp')
  
D:\remote git\Pac-man_OpenGL\Pacman\Pacman\ghost.h(152,47): warning C4244: 'argument': conversion from 'int' to 'float', possible loss of data
  (compiling source file 'main.cpp')
  
D:\remote git\Pac-man_OpenGL\Pacman\Pacman\ghost.h(175,36): warning C4244: 'argument': conversion from 'int' to 'float', possible loss of data
  (compiling source file 'main.cpp')
  
D:\remote git\Pac-man_OpenGL\Pacman\Pacman\ghost.h(175,29): warning C4244: 'argument': conversion from 'int' to 'float', possible loss of data
  (compiling source file 'main.cpp')
  
D:\remote git\Pac-man_OpenGL\Pacman\Pacman\game.h(112,28): warning C4244: 'initializing': conversion from 'double' to 'float', possible loss of data
  (compiling source file 'main.cpp')
  
D:\remote git\Pac-man_OpenGL\Pacman\Pacman\main.cpp(24,21): warning C4244: 'initializing': conversion from 'double' to 'float', possible loss of data
D:\remote git\Pac-man_OpenGL\Pacman\Pacman\main.cpp(38,37): warning C4305: '=': truncation from 'double' to 'float'
D:\remote git\Pac-man_OpenGL\Pacman\Pacman\main.cpp(39,41): warning C4305: '=': truncation from 'double' to 'float'
D:\remote git\Pac-man_OpenGL\Pacman\Pacman\main.cpp(40,49): warning C4305: '=': truncation from 'double' to 'float'
D:\remote git\Pac-man_OpenGL\Pacman\Pacman\main.cpp(46,21): warning C4244: 'initializing': conversion from 'double' to 'float', possible loss of data
D:\remote git\Pac-man_OpenGL\Pacman\Pacman\main.cpp(112,21): warning C4244: 'initializing': conversion from 'int' to 'float', possible loss of data
D:\remote git\Pac-man_OpenGL\Pacman\Pacman\main.cpp(113,21): warning C4244: 'initializing': conversion from 'int' to 'float', possible loss of data
  Pacman.vcxproj -> D:\remote git\Pac-man_OpenGL\Pacman\x64\Debug\Pacman.exe
